<?xml version="1.0" encoding="UTF-8"?>
<testng-results ignored="0" total="2" passed="2" failed="0" skipped="0">
  <reporter-output>
  </reporter-output>
  <suite started-at="2023-10-03T14:47:10 PKT" name="Default suite" finished-at="2023-10-03T14:47:24 PKT" duration-ms="14030">
    <groups>
    </groups>
    <test started-at="2023-10-03T14:47:10 PKT" name="Default test" finished-at="2023-10-03T14:47:24 PKT" duration-ms="14030">
      <class name="testPackage.HomePageTest">
        <test-method is-config="true" signature="setup()[pri:0, instance:testPackage.HomePageTest@5afa3c9]" started-at="2023-10-03T14:47:10 PKT" name="setup" finished-at="2023-10-03T14:47:24 PKT" duration-ms="13351" status="PASS">
          <reporter-output>
          </reporter-output>
        </test-method> <!-- setup -->
        <test-method signature="checkContactExist()[pri:0, instance:testPackage.HomePageTest@5afa3c9]" started-at="2023-10-03T14:47:24 PKT" name="checkContactExist" finished-at="2023-10-03T14:47:24 PKT" duration-ms="438" status="PASS">
          <reporter-output>
          </reporter-output>
        </test-method> <!-- checkContactExist -->
        <test-method signature="checkHeaderExist()[pri:0, instance:testPackage.HomePageTest@5afa3c9]" started-at="2023-10-03T14:47:24 PKT" name="checkHeaderExist" finished-at="2023-10-03T14:47:24 PKT" duration-ms="149" status="PASS">
          <reporter-output>
          </reporter-output>
        </test-method> <!-- checkHeaderExist -->
        <test-method is-config="true" signature="teardown()[pri:0, instance:testPackage.HomePageTest@5afa3c9]" started-at="2023-10-03T14:47:24 PKT" name="teardown" finished-at="2023-10-03T14:47:24 PKT" duration-ms="0" status="PASS">
          <reporter-output>
          </reporter-output>
        </test-method> <!-- teardown -->
      </class> <!-- testPackage.HomePageTest -->
    </test> <!-- Default test -->
  </suite> <!-- Default suite -->
</testng-results>
