<?xml version="1.0" encoding="UTF-8"?>
<testng-results ignored="0" total="7" passed="7" failed="0" skipped="0">
  <reporter-output>
  </reporter-output>
  <suite started-at="2023-09-18T18:10:39 PKT" name="Default suite" finished-at="2023-09-18T18:10:47 PKT" duration-ms="7360">
    <groups>
    </groups>
    <test started-at="2023-09-18T18:10:39 PKT" name="Default test" finished-at="2023-09-18T18:10:47 PKT" duration-ms="7360">
      <class name="com.Ahsan1.TestingNG.BasicTestDataDrivenTesting">
        <test-method signature="TestLogin(java.lang.String)[pri:0, instance:com.Ahsan1.TestingNG.BasicTestDataDrivenTesting@d1a10ac]" started-at="2023-09-18T18:10:39 PKT" name="TestLogin" data-provider="dp1" finished-at="2023-09-18T18:10:39 PKT" duration-ms="10" status="PASS">
          <params>
            <param index="0">
              <value>
                <![CDATA[Yadagiri]]>
              </value>
            </param>
          </params>
          <reporter-output>
          </reporter-output>
        </test-method> <!-- TestLogin -->
        <test-method signature="TestLogin(java.lang.String)[pri:0, instance:com.Ahsan1.TestingNG.BasicTestDataDrivenTesting@d1a10ac]" started-at="2023-09-18T18:10:39 PKT" name="TestLogin" data-provider="dp1" finished-at="2023-09-18T18:10:39 PKT" duration-ms="2" status="PASS">
          <params>
            <param index="0">
              <value>
                <![CDATA[Jhon]]>
              </value>
            </param>
          </params>
          <reporter-output>
          </reporter-output>
        </test-method> <!-- TestLogin -->
        <test-method signature="TestLogin(java.lang.String)[pri:0, instance:com.Ahsan1.TestingNG.BasicTestDataDrivenTesting@d1a10ac]" started-at="2023-09-18T18:10:39 PKT" name="TestLogin" data-provider="dp1" finished-at="2023-09-18T18:10:39 PKT" duration-ms="3" status="PASS">
          <params>
            <param index="0">
              <value>
                <![CDATA[Rebecca]]>
              </value>
            </param>
          </params>
          <reporter-output>
          </reporter-output>
        </test-method> <!-- TestLogin -->
        <test-method signature="TestLogin(java.lang.String)[pri:0, instance:com.Ahsan1.TestingNG.BasicTestDataDrivenTesting@d1a10ac]" started-at="2023-09-18T18:10:39 PKT" name="TestLogin" data-provider="dp1" finished-at="2023-09-18T18:10:39 PKT" duration-ms="2" status="PASS">
          <params>
            <param index="0">
              <value>
                <![CDATA[Smith]]>
              </value>
            </param>
          </params>
          <reporter-output>
          </reporter-output>
        </test-method> <!-- TestLogin -->
        <test-method signature="TestLogin(java.lang.String,java.lang.String)[pri:0, instance:com.Ahsan1.TestingNG.BasicTestDataDrivenTesting@d1a10ac]" started-at="2023-09-18T18:10:39 PKT" name="TestLogin" data-provider="LoginDataProvider" finished-at="2023-09-18T18:10:43 PKT" duration-ms="3871" status="PASS">
          <params>
            <param index="0">
              <value>
                <![CDATA[Zoraiz]]>
              </value>
            </param>
            <param index="1">
              <value>
                <![CDATA[Khalid]]>
              </value>
            </param>
          </params>
          <reporter-output>
          </reporter-output>
        </test-method> <!-- TestLogin -->
        <test-method signature="TestLogin(java.lang.String,java.lang.String)[pri:0, instance:com.Ahsan1.TestingNG.BasicTestDataDrivenTesting@d1a10ac]" started-at="2023-09-18T18:10:43 PKT" name="TestLogin" data-provider="LoginDataProvider" finished-at="2023-09-18T18:10:45 PKT" duration-ms="1604" status="PASS">
          <params>
            <param index="0">
              <value>
                <![CDATA[xyz]]>
              </value>
            </param>
            <param index="1">
              <value>
                <![CDATA[test]]>
              </value>
            </param>
          </params>
          <reporter-output>
          </reporter-output>
        </test-method> <!-- TestLogin -->
        <test-method signature="TestLogin(java.lang.String,java.lang.String)[pri:0, instance:com.Ahsan1.TestingNG.BasicTestDataDrivenTesting@d1a10ac]" started-at="2023-09-18T18:10:45 PKT" name="TestLogin" data-provider="LoginDataProvider" finished-at="2023-09-18T18:10:47 PKT" duration-ms="1750" status="PASS">
          <params>
            <param index="0">
              <value>
                <![CDATA[mno]]>
              </value>
            </param>
            <param index="1">
              <value>
                <![CDATA[lastName]]>
              </value>
            </param>
          </params>
          <reporter-output>
          </reporter-output>
        </test-method> <!-- TestLogin -->
      </class> <!-- com.Ahsan1.TestingNG.BasicTestDataDrivenTesting -->
    </test> <!-- Default test -->
  </suite> <!-- Default suite -->
</testng-results>
