<?xml version="1.0" encoding="UTF-8"?>
<testng-results ignored="0" total="2" passed="2" failed="0" skipped="0">
  <reporter-output>
  </reporter-output>
  <suite started-at="2023-09-13T18:36:59 PKT" name="Default suite" finished-at="2023-09-13T18:37:21 PKT" duration-ms="22662">
    <groups>
    </groups>
    <test started-at="2023-09-13T18:36:59 PKT" name="Default test" finished-at="2023-09-13T18:37:21 PKT" duration-ms="22662">
      <class name="com.Ahsan1.TestingNG.OrangeMainPage">
        <test-method is-config="true" signature="startFireFox()[pri:0, instance:com.Ahsan1.TestingNG.OrangeMainPage@1280851e]" started-at="2023-09-13T18:36:59 PKT" name="startFireFox" finished-at="2023-09-13T18:37:12 PKT" duration-ms="13499" status="PASS">
          <reporter-output>
          </reporter-output>
        </test-method> <!-- startFireFox -->
        <test-method signature="bookAFreeDemo()[pri:1, instance:com.Ahsan1.TestingNG.OrangeMainPage@1280851e]" started-at="2023-09-13T18:37:12 PKT" name="bookAFreeDemo" finished-at="2023-09-13T18:37:16 PKT" duration-ms="3922" status="PASS">
          <reporter-output>
          </reporter-output>
        </test-method> <!-- bookAFreeDemo -->
        <test-method is-config="true" signature="tearDown()[pri:0, instance:com.Ahsan1.TestingNG.OrangeMainPage@1280851e]" started-at="2023-09-13T18:37:16 PKT" name="tearDown" finished-at="2023-09-13T18:37:16 PKT" duration-ms="1" status="PASS">
          <reporter-output>
          </reporter-output>
        </test-method> <!-- tearDown -->
        <test-method is-config="true" signature="startFireFox()[pri:0, instance:com.Ahsan1.TestingNG.OrangeMainPage@1280851e]" started-at="2023-09-13T18:37:16 PKT" name="startFireFox" finished-at="2023-09-13T18:37:19 PKT" duration-ms="2579" status="PASS">
          <reporter-output>
          </reporter-output>
        </test-method> <!-- startFireFox -->
        <test-method signature="clickOnSales()[pri:2, instance:com.Ahsan1.TestingNG.OrangeMainPage@1280851e]" started-at="2023-09-13T18:37:19 PKT" name="clickOnSales" finished-at="2023-09-13T18:37:21 PKT" duration-ms="2587" status="PASS">
          <reporter-output>
          </reporter-output>
        </test-method> <!-- clickOnSales -->
        <test-method is-config="true" signature="tearDown()[pri:0, instance:com.Ahsan1.TestingNG.OrangeMainPage@1280851e]" started-at="2023-09-13T18:37:21 PKT" name="tearDown" finished-at="2023-09-13T18:37:21 PKT" duration-ms="0" status="PASS">
          <reporter-output>
          </reporter-output>
        </test-method> <!-- tearDown -->
      </class> <!-- com.Ahsan1.TestingNG.OrangeMainPage -->
    </test> <!-- Default test -->
  </suite> <!-- Default suite -->
</testng-results>
