<?xml version="1.0" encoding="UTF-8"?>
<!-- Generated by org.testng.reporters.JUnitXMLReporter -->
<testsuite ignored="0" hostname="Yausoob-PC" failures="0" tests="7" name="Default test" time="7.36" errors="0" timestamp="2023-09-18T18:10:47 PKT">
  <testcase classname="com.Ahsan1.TestingNG.BasicTestDataDrivenTesting" name="TestLogin" time="0.01"/>
  <testcase classname="com.Ahsan1.TestingNG.BasicTestDataDrivenTesting" name="TestLogin" time="0.002"/>
  <testcase classname="com.Ahsan1.TestingNG.BasicTestDataDrivenTesting" name="TestLogin" time="0.003"/>
  <testcase classname="com.Ahsan1.TestingNG.BasicTestDataDrivenTesting" name="TestLogin" time="0.002"/>
  <testcase classname="com.Ahsan1.TestingNG.BasicTestDataDrivenTesting" name="TestLogin" time="3.871"/>
  <testcase classname="com.Ahsan1.TestingNG.BasicTestDataDrivenTesting" name="TestLogin" time="1.604"/>
  <testcase classname="com.Ahsan1.TestingNG.BasicTestDataDrivenTesting" name="TestLogin" time="1.75"/>
</testsuite> <!-- Default test -->
